<?xml version="1.0" encoding="UTF-8"?>
<!-- Generated by org.testng.reporters.JUnitReportReporter -->
<testsuite skipped="1" hostname="LAPTOP-QLD5DGRQ" name="uploadDownloadPDF.download_Upload_readPDF" tests="2" failures="0" timestamp="2021-10-14T01:18:49 IST" time="3.247" errors="0">
  <testcase name="downloadFileOnPreviewType" time="3.247" classname="uploadDownloadPDF.download_Upload_readPDF"/>
  <system-out/>
  <testcase name="downloadFileOnClick" classname="uploadDownloadPDF.download_Upload_readPDF">
    <skipped/>
  </testcase> <!-- downloadFileOnClick -->
  <system-out/>
</testsuite> <!-- uploadDownloadPDF.download_Upload_readPDF -->
