<?xml version="1.0" encoding="UTF-8"?>
<!-- Generated by org.testng.reporters.JUnitReportReporter -->
<testsuite skipped="0" hostname="LAPTOP-QLD5DGRQ" name="TestCases.SampleTest2Jenkins" tests="2" failures="0" timestamp="2021-11-16T18:23:08 IST" time="12.048" errors="0">
  <testcase name="test" time="6.024" classname="TestCases.SampleTest2Jenkins"/>
  <system-out/>
  <testcase name="tes1t" time="6.024" classname="TestCases.SampleTest2Jenkins"/>
  <system-out/>
</testsuite> <!-- TestCases.SampleTest2Jenkins -->
