<?xml version="1.0" encoding="UTF-8"?>
<!-- Generated by org.testng.reporters.JUnitReportReporter -->
<testsuite skipped="0" hostname="DESKTOP-K8LMT8A" name="TestCases.TC003" tests="2" failures="0" timestamp="24 Mar 2019 14:04:59 GMT" time="50.320" errors="0">
  <testcase name="ToolsQA" time="30.130" classname="TestCases.TC003"/>
  <testcase name="ToolsQA" time="20.190" classname="TestCases.TC003"/>
</testsuite> <!-- TestCases.TC003 -->
