<?xml version="1.0" encoding="UTF-8"?>
<!-- Generated by org.testng.reporters.JUnitReportReporter -->
<testsuite skipped="0" hostname="DESKTOP-K8LMT8A" name="TestCases.TC001" tests="2" failures="0" timestamp="24 Mar 2019 14:04:59 GMT" time="39.871" errors="0">
  <testcase name="LaunchGoogle" time="22.984" classname="TestCases.TC001"/>
  <testcase name="LaunchGoogle" time="16.887" classname="TestCases.TC001"/>
</testsuite> <!-- TestCases.TC001 -->
