<?xml version="1.0" encoding="UTF-8"?>
<!-- Generated by org.testng.reporters.JUnitReportReporter -->
<testsuite skipped="1" hostname="LAPTOP-QLD5DGRQ" name="TestCases.SampleTestJenkins" tests="2" failures="0" timestamp="2021-11-16T19:31:21 IST" time="6.037" errors="0">
  <testcase name="tes1t" time="6.037" classname="TestCases.SampleTestJenkins"/>
  <system-out/>
  <testcase name="test" classname="TestCases.SampleTestJenkins">
    <skipped/>
  </testcase> <!-- test -->
  <system-out/>
</testsuite> <!-- TestCases.SampleTestJenkins -->
