<?xml version="1.0" encoding="UTF-8"?>
<!-- Generated by org.testng.reporters.JUnitReportReporter -->
<testsuite skipped="0" hostname="VDI-VS13-039" name="TestCases.SampleTestJenkins" tests="1" failures="0" timestamp="15 Apr 2020 18:35:43 GMT" time="0.036" errors="0">
  <testcase name="test" time="0.036" classname="TestCases.SampleTestJenkins"/>
</testsuite> <!-- TestCases.SampleTestJenkins -->
