<?xml version="1.0" encoding="UTF-8"?>
<!-- Generated by org.testng.reporters.JUnitReportReporter -->
<testsuite skipped="1" hostname="LAPTOP-QLD5DGRQ" name="TestCases.TC001" tests="2" failures="0" timestamp="2021-10-10T09:47:57 IST" time="3.920" errors="0">
  <testcase name="getText" time="3.920" classname="TestCases.TC001"/>
  <system-out/>
  <testcase name="LaunchGoogle" classname="TestCases.TC001">
    <skipped/>
  </testcase> <!-- LaunchGoogle -->
  <system-out/>
</testsuite> <!-- TestCases.TC001 -->
